           0 Egs =   -9.6352168508583116        3.6205151378613163     
           1 Egs =   -9.6364473373864552        3.6454554084229085     
           2 Egs =   -12.951546962257089        1.5885441775769442     
           3 Egs =   -13.545404927692218        1.0480683801893187     
           4 Egs =   -13.778496805561126       0.86378104711874404     
           5 Egs =   -13.941659057614219       0.76932627861865466     
           6 Egs =   -14.083617405281425       0.71245845181179102     
           7 Egs =   -14.187917722933440       0.65796619430900694     
           8 Egs =   -14.266245152873902       0.60732891211962936     
           9 Egs =   -14.354667943308316       0.57579640310380575     
          10 Egs =   -14.414454936783329       0.54247688723476895     
          11 Egs =   -14.476301326374568       0.51127657728317422     
          12 Egs =   -14.532363299198849       0.48367222485639211     
          13 Egs =   -14.595421168227046       0.45219208280522172     
          14 Egs =   -14.647535288455915       0.43151834880630713     
          15 Egs =   -14.674288728621637       0.40430544338599850     
          16 Egs =   -14.715435861763961       0.38208943102685827     
          17 Egs =   -14.766733110601608       0.36075614085330393     
          18 Egs =   -14.795726382204267       0.34453866065576516     
          19 Egs =   -14.821841920066934       0.32360267090400135     
          20 Egs =   -14.853464097648382       0.30389139561548967     
          21 Egs =   -14.883727686185216       0.28439763054398137     
          22 Egs =   -14.914237875455468       0.26699145677032432     
          23 Egs =   -14.928525611217191       0.24540820552972145     
          24 Egs =   -14.955840591932063       0.22528892617383944     
          25 Egs =   -14.973257522396606       0.20024169115055263     
          26 Egs =   -14.989454949270838       0.18371942672296121     
          27 Egs =   -14.997157208139221       0.16261468857445410     
          28 Egs =   -15.011257293770703       0.14577228335942066     
          29 Egs =   -15.024447177593601       0.13168468990126897     
          30 Egs =   -15.031653313687356       0.11490795552918781     
          31 Egs =   -15.032934278228279       0.10424117210773103     
          32 Egs =   -15.047481756615369        9.2174248732460495E-002
          33 Egs =   -15.048698940496244        8.4660304391474622E-002
          34 Egs =   -15.052716968032049        7.7118812542556273E-002
          35 Egs =   -15.059182073012073        6.5865320623093776E-002
          36 Egs =   -15.067565795382164        6.1543952241257478E-002
          37 Egs =   -15.068128815803536        5.7099696452894130E-002
          38 Egs =   -15.074537169118321        5.1366764722969860E-002
          39 Egs =   -15.074551252853912        4.9606863601490525E-002
          40 Egs =   -15.077184257402758        4.2761968812931032E-002
          41 Egs =   -15.078612299207075        3.8688651985935366E-002
          42 Egs =   -15.079846916299616        3.6389111553087612E-002
          43 Egs =   -15.078962262840550        3.3230122709144917E-002
          44 Egs =   -15.082665684114168        2.9804713561064317E-002
          45 Egs =   -15.085532576634474        2.8335026252368632E-002
          46 Egs =   -15.084839797531941        2.6102035408449790E-002
          47 Egs =   -15.087953591459021        2.5060703519925485E-002
          48 Egs =   -15.086294772198894        2.3243841228100824E-002
          49 Egs =   -15.088271098292337        2.1351813989899639E-002
          50 Egs =   -15.088733525701041        2.0298234507175331E-002
          51 Egs =   -15.091204934949740        1.8172535971167896E-002
          52 Egs =   -15.091888887287057        1.8532324825365376E-002
          53 Egs =   -15.091182040474122        1.5395392526755513E-002
          54 Egs =   -15.093263325613833        1.5217693010053195E-002
          55 Egs =   -15.094712966080310        1.3645777394913084E-002
          56 Egs =   -15.094372408133980        1.3594310907229597E-002
          57 Egs =   -15.096340457616346        1.3215147300200122E-002
          58 Egs =   -15.096128545202147        1.2479572600463899E-002
          59 Egs =   -15.097900688237543        1.1158616488849266E-002
          60 Egs =   -15.097593092882001        1.0919825278530578E-002
          61 Egs =   -15.097601927911125        9.9988422278334717E-003
          62 Egs =   -15.099348629540151        1.0302119569742158E-002
          63 Egs =   -15.098453185831032        9.4097351399927906E-003
          64 Egs =   -15.099838241189165        9.2167416421924785E-003
          65 Egs =   -15.100304275624158        8.5597261085387320E-003
          66 Egs =   -15.101391830146545        8.7043759006277151E-003
          67 Egs =   -15.101348705257166        8.8352580490781481E-003
          68 Egs =   -15.100530224657177        7.8026990401922937E-003
          69 Egs =   -15.102335953654272        8.2631702936800649E-003
          70 Egs =   -15.102405044853217        8.0757691222571645E-003
          71 Egs =   -15.102829745763120        7.6280084321694846E-003
          72 Egs =   -15.102750464467606        8.1205140373232267E-003
          73 Egs =   -15.103098660348751        7.1558406225135504E-003
          74 Egs =   -15.103193655788582        7.3949963022444916E-003
          75 Egs =   -15.103010713890800        6.8602943003963947E-003
          76 Egs =   -15.103042870277026        6.7595789313214067E-003
          77 Egs =   -15.102960743074517        7.2946834784385246E-003
          78 Egs =   -15.103082324039574        6.7328901620549997E-003
          79 Egs =   -15.103300051287043        6.7968506193594571E-003
          80 Egs =   -15.103802481812988        6.6994137663881834E-003
          81 Egs =   -15.103472830908522        6.2462433932981461E-003
          82 Egs =   -15.103584774419163        6.3582580759593268E-003
          83 Egs =   -15.103878142264357        6.1701698620143771E-003
          84 Egs =   -15.103908908089672        5.9193648715386129E-003
          85 Egs =   -15.103665342208629        5.9736435426314578E-003
          86 Egs =   -15.104172651658729        5.9785599010522949E-003
          87 Egs =   -15.104021923472418        6.1999146114570230E-003
          88 Egs =   -15.104094535669683        5.7462891737525531E-003
          89 Egs =   -15.104097575203069        5.9214436228440023E-003
          90 Egs =   -15.104157457901179        5.9377503041719657E-003
